<?xml version="1.0" encoding="UTF-8"?>
<!-- Generated by org.testng.reporters.JUnitXMLReporter -->
<testsuite ignored="1" hostname="Gautham-Laptop" failures="5" tests="17" name="Command line test" time="5.112" errors="0" timestamp="2021-03-19T20:39:46 IST">
  <testcase classname="TechM.TestNG.TestNG4" name="failTC1" time="0.006">
    <failure type="java.lang.AssertionError" message="expected [false] but found [true]">
      <![CDATA[java.lang.AssertionError: expected [false] but found [true]
at TechM.TestNG.TestNG4.failTC1(TestNG4.java:22)
at java.base/java.util.ArrayList.forEach(ArrayList.java:1507)
... Removed 43 stack frames]]>
    </failure>
  </testcase> <!-- failTC1 -->
  <testcase classname="TechM.TestNG.TestNG4" name="failTC2" time="0.001"/>
  <testcase classname="TechM.TestNG.TestNG4" name="passTC1" time="0.0"/>
  <testcase classname="TechM.TestNG.TestNG4" name="passTC2" time="0.0"/>
  <testcase classname="TechM.TestNG.TestNG5" name="getParameters" time="0.0">
    <failure type="org.testng.TestNGException" message="
Parameter &amp;apos;browser&amp;apos; is required by @Test on method getParameters but has not been marked @Optional or defined
">
      <![CDATA[org.testng.TestNGException: 
Parameter 'browser' is required by @Test on method getParameters but has not been marked @Optional or defined

at java.base/java.util.ArrayList.forEach(ArrayList.java:1507)
... Removed 36 stack frames]]>
    </failure>
  </testcase> <!-- getParameters -->
  <testcase classname="TechM.TestNG.TestNG6" name="failedTC" time="0.001">
    <skipped/>
  </testcase> <!-- failedTC -->
  <testcase classname="TechM.TestNG.TestNG6" name="failedTC" time="0.001">
    <skipped/>
  </testcase> <!-- failedTC -->
  <testcase classname="TechM.TestNG.TestNG6" name="failedTC" time="0.0">
    <failure type="java.lang.AssertionError" message="expected [false] but found [true]">
      <![CDATA[java.lang.AssertionError: expected [false] but found [true]
at TechM.TestNG.TestNG6.failedTC(TestNG6.java:12)
at java.base/java.util.ArrayList.forEach(ArrayList.java:1507)
... Removed 43 stack frames]]>
    </failure>
  </testcase> <!-- failedTC -->
  <testcase classname="TechM.TestNG.TestNG1" name="runTest1" time="0.001"/>
  <testcase classname="TechM.TestNG.TestNG1" name="runTest2" time="0.001"/>
  <testcase classname="TechM.TestNG.TestNG1" name="runTest3" time="0.0"/>
  <testcase classname="TechM.TestNG.TestNG2" name="test1" time="0.0"/>
  <testcase classname="TechM.TestNG.TestNG2" name="test2" time="0.0"/>
  <testcase classname="TechM.TestNG.TestNG2" name="test3" time="0.0">
    <failure type="java.lang.AssertionError" message="expected [false] but found [true]">
      <![CDATA[java.lang.AssertionError: expected [false] but found [true]
at TechM.TestNG.TestNG2.test3(TestNG2.java:20)
at java.base/java.util.ArrayList.forEach(ArrayList.java:1507)
... Removed 43 stack frames]]>
    </failure>
  </testcase> <!-- test3 -->
  <testcase classname="TechM.TestNG.TestNG3" name="test1" time="4.012"/>
  <testcase classname="TechM.TestNG.TestNG3" name="test2" time="1.002">
    <failure type="org.testng.internal.thread.ThreadTimeoutException" message="Method TechM.TestNG.TestNG3.test2() didn&amp;apos;t finish within the time-out 1000">
      <![CDATA[org.testng.internal.thread.ThreadTimeoutException: Method TechM.TestNG.TestNG3.test2() didn't finish within the time-out 1000
at java.base/java.util.ArrayList.forEach(ArrayList.java:1507)
... Removed 34 stack frames]]>
    </failure>
  </testcase> <!-- test2 -->
  <testcase classname="TechM.TestNG.TestNG4" name="runFinal" time="0.0">
    <skipped/>
  </testcase> <!-- runFinal -->
  <testcase classname="TechM.TestNG.TestNG2" name="test4" time="0.0">
    <ignored/>
  </testcase> <!-- test4 -->
</testsuite> <!-- Command line test -->
